[2024-03-12 21:52:04] merlin-logger.DEBUG: The welcome step has been displayed [] []
[2024-03-12 21:52:11] merlin-logger.DEBUG: The license activation step has been displayed [] []
[2024-03-12 21:52:12] merlin-logger.DEBUG: The plugin installation step has been displayed [] []
[2024-03-12 21:52:31] merlin-logger.DEBUG: A plugin with the following data will be processed {"plugin_slug":"hub-core","message":"Installing"} []
[2024-03-12 21:52:34] merlin-logger.DEBUG: A plugin with the following data will be processed {"plugin_slug":"hub-core","message":"Activating"} []
[2024-03-12 21:52:35] merlin-logger.DEBUG: A plugin with the following data was processed {"plugin_slug":"hub-core"} []
[2024-03-12 21:52:36] merlin-logger.DEBUG: A plugin with the following data will be processed {"plugin_slug":"hub-portfolio","message":"Installing"} []
[2024-03-12 21:52:38] merlin-logger.DEBUG: A plugin with the following data will be processed {"plugin_slug":"hub-portfolio","message":"Activating"} []
[2024-03-12 21:52:40] merlin-logger.DEBUG: A plugin with the following data was processed {"plugin_slug":"hub-portfolio"} []
[2024-03-12 21:52:41] merlin-logger.DEBUG: A plugin with the following data will be processed {"plugin_slug":"elementor","message":"Activating"} []
[2024-03-12 21:52:43] merlin-logger.DEBUG: A plugin with the following data was processed {"plugin_slug":"elementor"} []
[2024-03-12 21:52:44] merlin-logger.DEBUG: A plugin with the following data will be processed {"plugin_slug":"hub-elementor-addons","message":"Installing"} []
[2024-03-12 21:52:48] merlin-logger.DEBUG: A plugin with the following data will be processed {"plugin_slug":"hub-elementor-addons","message":"Activating"} []
[2024-03-12 21:52:50] merlin-logger.DEBUG: A plugin with the following data was processed {"plugin_slug":"hub-elementor-addons"} []
[2024-03-12 21:52:51] merlin-logger.DEBUG: A plugin with the following data will be processed {"plugin_slug":"hub-booking","message":"Installing"} []
[2024-03-12 21:52:53] merlin-logger.DEBUG: A plugin with the following data will be processed {"plugin_slug":"hub-booking","message":"Activating"} []
[2024-03-12 21:52:55] merlin-logger.DEBUG: A plugin with the following data was processed {"plugin_slug":"hub-booking"} []
[2024-03-12 21:52:55] merlin-logger.DEBUG: A plugin with the following data will be processed {"plugin_slug":"liquid-gdpr","message":"Installing"} []
[2024-03-12 21:52:57] merlin-logger.DEBUG: A plugin with the following data will be processed {"plugin_slug":"liquid-gdpr","message":"Activating"} []
[2024-03-12 21:52:59] merlin-logger.DEBUG: A plugin with the following data was processed {"plugin_slug":"liquid-gdpr"} []
[2024-03-12 21:53:00] merlin-logger.DEBUG: A plugin with the following data will be processed {"plugin_slug":"revslider","message":"Installing"} []
[2024-03-12 21:53:03] merlin-logger.DEBUG: A plugin with the following data will be processed {"plugin_slug":"revslider","message":"Activating"} []
[2024-03-12 21:53:08] merlin-logger.DEBUG: A plugin with the following data was processed {"plugin_slug":"revslider"} []
[2024-03-12 21:53:10] merlin-logger.DEBUG: A plugin with the following data was processed {"plugin_slug":"revslider"} []
[2024-03-12 21:53:11] merlin-logger.DEBUG: A plugin with the following data will be processed {"plugin_slug":"contact-form-7","message":"Installing"} []
[2024-03-12 21:53:14] merlin-logger.DEBUG: A plugin with the following data will be processed {"plugin_slug":"contact-form-7","message":"Activating"} []
[2024-03-12 21:53:17] merlin-logger.DEBUG: A plugin with the following data was processed {"plugin_slug":"contact-form-7"} []
[2024-03-12 21:53:17] merlin-logger.DEBUG: A plugin with the following data will be processed {"plugin_slug":"woocommerce","message":"Installing"} []
[2024-03-12 21:53:22] merlin-logger.DEBUG: A plugin with the following data will be processed {"plugin_slug":"woocommerce","message":"Activating"} []
[2024-03-12 21:53:28] merlin-logger.DEBUG: A plugin with the following data was processed {"plugin_slug":"woocommerce"} []
[2024-03-12 21:53:29] merlin-logger.DEBUG: A plugin with the following data will be processed {"plugin_slug":"wp-bottom-menu","message":"Installing"} []
[2024-03-12 21:53:34] merlin-logger.DEBUG: A plugin with the following data will be processed {"plugin_slug":"wp-bottom-menu","message":"Activating"} []
[2024-03-12 21:53:36] merlin-logger.DEBUG: A plugin with the following data was processed {"plugin_slug":"wp-bottom-menu"} []
[2024-03-12 21:53:41] merlin-logger.DEBUG: The content import step has been displayed [] []
[2024-03-12 21:54:08] merlin-logger.DEBUG: The Hello world post status was set to draft [] []
[2024-03-12 21:54:11] merlin-logger.DEBUG: The Hello world post status was set to draft [] []
[2024-03-12 22:07:34] merlin-logger.DEBUG: The welcome step has been displayed [] []
[2024-03-12 22:07:39] merlin-logger.DEBUG: The license activation step has been displayed [] []
[2024-03-12 22:07:40] merlin-logger.DEBUG: The plugin installation step has been displayed [] []
[2024-03-12 22:07:59] merlin-logger.DEBUG: A plugin with the following data will be processed {"plugin_slug":"hub-core","message":"Installing"} []
[2024-03-12 22:08:02] merlin-logger.DEBUG: A plugin with the following data will be processed {"plugin_slug":"hub-core","message":"Activating"} []
[2024-03-12 22:08:03] merlin-logger.DEBUG: A plugin with the following data was processed {"plugin_slug":"hub-core"} []
[2024-03-12 22:08:04] merlin-logger.DEBUG: A plugin with the following data will be processed {"plugin_slug":"hub-portfolio","message":"Installing"} []
[2024-03-12 22:08:06] merlin-logger.DEBUG: A plugin with the following data will be processed {"plugin_slug":"hub-portfolio","message":"Activating"} []
[2024-03-12 22:08:08] merlin-logger.DEBUG: A plugin with the following data was processed {"plugin_slug":"hub-portfolio"} []
[2024-03-12 22:08:09] merlin-logger.DEBUG: A plugin with the following data will be processed {"plugin_slug":"elementor","message":"Installing"} []
[2024-03-12 22:08:14] merlin-logger.DEBUG: A plugin with the following data will be processed {"plugin_slug":"elementor","message":"Activating"} []
[2024-03-12 22:08:20] merlin-logger.DEBUG: A plugin with the following data was processed {"plugin_slug":"elementor"} []
[2024-03-12 22:08:20] merlin-logger.DEBUG: A plugin with the following data will be processed {"plugin_slug":"hub-elementor-addons","message":"Installing"} []
[2024-03-12 22:08:24] merlin-logger.DEBUG: A plugin with the following data will be processed {"plugin_slug":"hub-elementor-addons","message":"Activating"} []
[2024-03-12 22:08:28] merlin-logger.DEBUG: A plugin with the following data was processed {"plugin_slug":"hub-elementor-addons"} []
[2024-03-12 22:08:29] merlin-logger.DEBUG: A plugin with the following data will be processed {"plugin_slug":"liquid-gdpr","message":"Installing"} []
[2024-03-12 22:08:30] merlin-logger.DEBUG: A plugin with the following data will be processed {"plugin_slug":"liquid-gdpr","message":"Activating"} []
[2024-03-12 22:08:32] merlin-logger.DEBUG: A plugin with the following data was processed {"plugin_slug":"liquid-gdpr"} []
[2024-03-12 22:08:33] merlin-logger.DEBUG: A plugin with the following data will be processed {"plugin_slug":"revslider","message":"Installing"} []
[2024-03-12 22:08:37] merlin-logger.DEBUG: A plugin with the following data will be processed {"plugin_slug":"revslider","message":"Activating"} []
[2024-03-12 22:08:42] merlin-logger.DEBUG: A plugin with the following data was processed {"plugin_slug":"revslider"} []
[2024-03-12 22:08:45] merlin-logger.DEBUG: A plugin with the following data was processed {"plugin_slug":"revslider"} []
[2024-03-12 22:08:45] merlin-logger.DEBUG: A plugin with the following data will be processed {"plugin_slug":"contact-form-7","message":"Installing"} []
[2024-03-12 22:08:49] merlin-logger.DEBUG: A plugin with the following data will be processed {"plugin_slug":"contact-form-7","message":"Activating"} []
[2024-03-12 22:08:51] merlin-logger.DEBUG: A plugin with the following data was processed {"plugin_slug":"contact-form-7"} []
[2024-03-12 22:08:52] merlin-logger.DEBUG: A plugin with the following data will be processed {"plugin_slug":"wp-bottom-menu","message":"Installing"} []
[2024-03-12 22:08:56] merlin-logger.DEBUG: A plugin with the following data will be processed {"plugin_slug":"wp-bottom-menu","message":"Activating"} []
[2024-03-12 22:08:58] merlin-logger.DEBUG: A plugin with the following data was processed {"plugin_slug":"wp-bottom-menu"} []
[2024-03-12 22:09:03] merlin-logger.DEBUG: The content import step has been displayed [] []
[2024-03-12 22:10:51] merlin-logger.DEBUG: The Hello world post status was set to draft [] []
[2024-03-12 22:10:53] merlin-logger.DEBUG: The Hello world post status was set to draft [] []
[2024-03-12 22:11:36] merlin-logger.DEBUG: The Hello world post status was set to draft [] []
[2024-03-12 22:14:27] merlin-logger.DEBUG: The final step has been displayed [] []
