Jun 03 2025 09:51:26
{"type":8192,"message":"Return type of Ai1wm_Recursive_Newline_Filter::accept() should either be compatible with FilterIterator::accept(): bool, or the #[\\ReturnTypeWillChange] attribute should be used to temporarily suppress the notice","file":"D:\\C Drive\\Xamp\\htdocs\\wordpress-portfolio-001\\wp-content\\plugins\\all-in-one-wp-migration-master\\lib\\vendor\\servmask\\filter\\class-ai1wm-recursive-newline-filter.php","line":28}

Jun 03 2025 09:51:26
{"type":8192,"message":"Return type of Ai1wm_Recursive_Newline_Filter::accept() should either be compatible with FilterIterator::accept(): bool, or the #[\\ReturnTypeWillChange] attribute should be used to temporarily suppress the notice","file":"D:\\C Drive\\Xamp\\htdocs\\wordpress-portfolio-001\\wp-content\\plugins\\all-in-one-wp-migration-master\\lib\\vendor\\servmask\\filter\\class-ai1wm-recursive-newline-filter.php","line":28}

Jun 03 2025 09:51:27
{"type":8192,"message":"Return type of Ai1wm_Recursive_Newline_Filter::accept() should either be compatible with FilterIterator::accept(): bool, or the #[\\ReturnTypeWillChange] attribute should be used to temporarily suppress the notice","file":"D:\\C Drive\\Xamp\\htdocs\\wordpress-portfolio-001\\wp-content\\plugins\\all-in-one-wp-migration-master\\lib\\vendor\\servmask\\filter\\class-ai1wm-recursive-newline-filter.php","line":28}

Jun 03 2025 09:51:27
{"type":8192,"message":"Return type of Ai1wm_Recursive_Newline_Filter::accept() should either be compatible with FilterIterator::accept(): bool, or the #[\\ReturnTypeWillChange] attribute should be used to temporarily suppress the notice","file":"D:\\C Drive\\Xamp\\htdocs\\wordpress-portfolio-001\\wp-content\\plugins\\all-in-one-wp-migration-master\\lib\\vendor\\servmask\\filter\\class-ai1wm-recursive-newline-filter.php","line":28}

Jun 03 2025 09:51:28
{"type":8192,"message":"Return type of Ai1wm_Recursive_Newline_Filter::accept() should either be compatible with FilterIterator::accept(): bool, or the #[\\ReturnTypeWillChange] attribute should be used to temporarily suppress the notice","file":"D:\\C Drive\\Xamp\\htdocs\\wordpress-portfolio-001\\wp-content\\plugins\\all-in-one-wp-migration-master\\lib\\vendor\\servmask\\filter\\class-ai1wm-recursive-newline-filter.php","line":28}

Jun 03 2025 09:51:28
{"type":8192,"message":"Return type of Ai1wm_Recursive_Newline_Filter::accept() should either be compatible with FilterIterator::accept(): bool, or the #[\\ReturnTypeWillChange] attribute should be used to temporarily suppress the notice","file":"D:\\C Drive\\Xamp\\htdocs\\wordpress-portfolio-001\\wp-content\\plugins\\all-in-one-wp-migration-master\\lib\\vendor\\servmask\\filter\\class-ai1wm-recursive-newline-filter.php","line":28}

Jun 03 2025 09:51:29
{"type":8192,"message":"Return type of Ai1wm_Recursive_Newline_Filter::accept() should either be compatible with FilterIterator::accept(): bool, or the #[\\ReturnTypeWillChange] attribute should be used to temporarily suppress the notice","file":"D:\\C Drive\\Xamp\\htdocs\\wordpress-portfolio-001\\wp-content\\plugins\\all-in-one-wp-migration-master\\lib\\vendor\\servmask\\filter\\class-ai1wm-recursive-newline-filter.php","line":28}

Jun 03 2025 09:51:29
{"type":8192,"message":"Return type of Ai1wm_Recursive_Newline_Filter::accept() should either be compatible with FilterIterator::accept(): bool, or the #[\\ReturnTypeWillChange] attribute should be used to temporarily suppress the notice","file":"D:\\C Drive\\Xamp\\htdocs\\wordpress-portfolio-001\\wp-content\\plugins\\all-in-one-wp-migration-master\\lib\\vendor\\servmask\\filter\\class-ai1wm-recursive-newline-filter.php","line":28}

Jun 03 2025 09:51:30
{"type":8192,"message":"Return type of Ai1wm_Recursive_Newline_Filter::accept() should either be compatible with FilterIterator::accept(): bool, or the #[\\ReturnTypeWillChange] attribute should be used to temporarily suppress the notice","file":"D:\\C Drive\\Xamp\\htdocs\\wordpress-portfolio-001\\wp-content\\plugins\\all-in-one-wp-migration-master\\lib\\vendor\\servmask\\filter\\class-ai1wm-recursive-newline-filter.php","line":28}

Jun 03 2025 09:51:30
{"type":8192,"message":"Return type of Ai1wm_Recursive_Newline_Filter::accept() should either be compatible with FilterIterator::accept(): bool, or the #[\\ReturnTypeWillChange] attribute should be used to temporarily suppress the notice","file":"D:\\C Drive\\Xamp\\htdocs\\wordpress-portfolio-001\\wp-content\\plugins\\all-in-one-wp-migration-master\\lib\\vendor\\servmask\\filter\\class-ai1wm-recursive-newline-filter.php","line":28}

Jun 03 2025 09:51:31
{"type":8192,"message":"Return type of Ai1wm_Recursive_Newline_Filter::accept() should either be compatible with FilterIterator::accept(): bool, or the #[\\ReturnTypeWillChange] attribute should be used to temporarily suppress the notice","file":"D:\\C Drive\\Xamp\\htdocs\\wordpress-portfolio-001\\wp-content\\plugins\\all-in-one-wp-migration-master\\lib\\vendor\\servmask\\filter\\class-ai1wm-recursive-newline-filter.php","line":28}

Jun 03 2025 09:51:31
{"type":8192,"message":"Return type of Ai1wm_Recursive_Newline_Filter::accept() should either be compatible with FilterIterator::accept(): bool, or the #[\\ReturnTypeWillChange] attribute should be used to temporarily suppress the notice","file":"D:\\C Drive\\Xamp\\htdocs\\wordpress-portfolio-001\\wp-content\\plugins\\all-in-one-wp-migration-master\\lib\\vendor\\servmask\\filter\\class-ai1wm-recursive-newline-filter.php","line":28}

Jun 03 2025 09:51:32
{"type":8192,"message":"Return type of Ai1wm_Recursive_Newline_Filter::accept() should either be compatible with FilterIterator::accept(): bool, or the #[\\ReturnTypeWillChange] attribute should be used to temporarily suppress the notice","file":"D:\\C Drive\\Xamp\\htdocs\\wordpress-portfolio-001\\wp-content\\plugins\\all-in-one-wp-migration-master\\lib\\vendor\\servmask\\filter\\class-ai1wm-recursive-newline-filter.php","line":28}

Jun 03 2025 09:51:33
{"type":8192,"message":"Return type of Ai1wm_Recursive_Newline_Filter::accept() should either be compatible with FilterIterator::accept(): bool, or the #[\\ReturnTypeWillChange] attribute should be used to temporarily suppress the notice","file":"D:\\C Drive\\Xamp\\htdocs\\wordpress-portfolio-001\\wp-content\\plugins\\all-in-one-wp-migration-master\\lib\\vendor\\servmask\\filter\\class-ai1wm-recursive-newline-filter.php","line":28}

Jun 03 2025 09:51:33
{"type":8192,"message":"Return type of Ai1wm_Recursive_Newline_Filter::accept() should either be compatible with FilterIterator::accept(): bool, or the #[\\ReturnTypeWillChange] attribute should be used to temporarily suppress the notice","file":"D:\\C Drive\\Xamp\\htdocs\\wordpress-portfolio-001\\wp-content\\plugins\\all-in-one-wp-migration-master\\lib\\vendor\\servmask\\filter\\class-ai1wm-recursive-newline-filter.php","line":28}

Jun 03 2025 09:51:34
{"type":8192,"message":"Return type of Ai1wm_Recursive_Newline_Filter::accept() should either be compatible with FilterIterator::accept(): bool, or the #[\\ReturnTypeWillChange] attribute should be used to temporarily suppress the notice","file":"D:\\C Drive\\Xamp\\htdocs\\wordpress-portfolio-001\\wp-content\\plugins\\all-in-one-wp-migration-master\\lib\\vendor\\servmask\\filter\\class-ai1wm-recursive-newline-filter.php","line":28}

Jun 03 2025 09:51:34
{"type":8192,"message":"Return type of Ai1wm_Recursive_Newline_Filter::accept() should either be compatible with FilterIterator::accept(): bool, or the #[\\ReturnTypeWillChange] attribute should be used to temporarily suppress the notice","file":"D:\\C Drive\\Xamp\\htdocs\\wordpress-portfolio-001\\wp-content\\plugins\\all-in-one-wp-migration-master\\lib\\vendor\\servmask\\filter\\class-ai1wm-recursive-newline-filter.php","line":28}

Jun 03 2025 09:51:35
{"type":8192,"message":"Return type of Ai1wm_Recursive_Newline_Filter::accept() should either be compatible with FilterIterator::accept(): bool, or the #[\\ReturnTypeWillChange] attribute should be used to temporarily suppress the notice","file":"D:\\C Drive\\Xamp\\htdocs\\wordpress-portfolio-001\\wp-content\\plugins\\all-in-one-wp-migration-master\\lib\\vendor\\servmask\\filter\\class-ai1wm-recursive-newline-filter.php","line":28}

Jun 03 2025 09:51:35
{"type":8192,"message":"Return type of Ai1wm_Recursive_Newline_Filter::accept() should either be compatible with FilterIterator::accept(): bool, or the #[\\ReturnTypeWillChange] attribute should be used to temporarily suppress the notice","file":"D:\\C Drive\\Xamp\\htdocs\\wordpress-portfolio-001\\wp-content\\plugins\\all-in-one-wp-migration-master\\lib\\vendor\\servmask\\filter\\class-ai1wm-recursive-newline-filter.php","line":28}

Jun 03 2025 09:51:36
{"type":8192,"message":"Return type of Ai1wm_Recursive_Newline_Filter::accept() should either be compatible with FilterIterator::accept(): bool, or the #[\\ReturnTypeWillChange] attribute should be used to temporarily suppress the notice","file":"D:\\C Drive\\Xamp\\htdocs\\wordpress-portfolio-001\\wp-content\\plugins\\all-in-one-wp-migration-master\\lib\\vendor\\servmask\\filter\\class-ai1wm-recursive-newline-filter.php","line":28}

Jun 03 2025 09:51:36
{"type":8192,"message":"Return type of Ai1wm_Recursive_Newline_Filter::accept() should either be compatible with FilterIterator::accept(): bool, or the #[\\ReturnTypeWillChange] attribute should be used to temporarily suppress the notice","file":"D:\\C Drive\\Xamp\\htdocs\\wordpress-portfolio-001\\wp-content\\plugins\\all-in-one-wp-migration-master\\lib\\vendor\\servmask\\filter\\class-ai1wm-recursive-newline-filter.php","line":28}

Jun 03 2025 09:51:37
{"type":8192,"message":"Return type of Ai1wm_Recursive_Newline_Filter::accept() should either be compatible with FilterIterator::accept(): bool, or the #[\\ReturnTypeWillChange] attribute should be used to temporarily suppress the notice","file":"D:\\C Drive\\Xamp\\htdocs\\wordpress-portfolio-001\\wp-content\\plugins\\all-in-one-wp-migration-master\\lib\\vendor\\servmask\\filter\\class-ai1wm-recursive-newline-filter.php","line":28}

Jun 03 2025 09:51:37
{"type":8192,"message":"Return type of Ai1wm_Recursive_Newline_Filter::accept() should either be compatible with FilterIterator::accept(): bool, or the #[\\ReturnTypeWillChange] attribute should be used to temporarily suppress the notice","file":"D:\\C Drive\\Xamp\\htdocs\\wordpress-portfolio-001\\wp-content\\plugins\\all-in-one-wp-migration-master\\lib\\vendor\\servmask\\filter\\class-ai1wm-recursive-newline-filter.php","line":28}

Jun 03 2025 09:51:38
{"type":8192,"message":"Return type of Ai1wm_Recursive_Newline_Filter::accept() should either be compatible with FilterIterator::accept(): bool, or the #[\\ReturnTypeWillChange] attribute should be used to temporarily suppress the notice","file":"D:\\C Drive\\Xamp\\htdocs\\wordpress-portfolio-001\\wp-content\\plugins\\all-in-one-wp-migration-master\\lib\\vendor\\servmask\\filter\\class-ai1wm-recursive-newline-filter.php","line":28}

Jun 03 2025 09:51:39
{"type":8192,"message":"Return type of Ai1wm_Recursive_Newline_Filter::accept() should either be compatible with FilterIterator::accept(): bool, or the #[\\ReturnTypeWillChange] attribute should be used to temporarily suppress the notice","file":"D:\\C Drive\\Xamp\\htdocs\\wordpress-portfolio-001\\wp-content\\plugins\\all-in-one-wp-migration-master\\lib\\vendor\\servmask\\filter\\class-ai1wm-recursive-newline-filter.php","line":28}

Jun 03 2025 09:51:39
{"type":8192,"message":"Return type of Ai1wm_Recursive_Newline_Filter::accept() should either be compatible with FilterIterator::accept(): bool, or the #[\\ReturnTypeWillChange] attribute should be used to temporarily suppress the notice","file":"D:\\C Drive\\Xamp\\htdocs\\wordpress-portfolio-001\\wp-content\\plugins\\all-in-one-wp-migration-master\\lib\\vendor\\servmask\\filter\\class-ai1wm-recursive-newline-filter.php","line":28}

Jun 03 2025 09:51:40
{"type":8192,"message":"Return type of Ai1wm_Recursive_Newline_Filter::accept() should either be compatible with FilterIterator::accept(): bool, or the #[\\ReturnTypeWillChange] attribute should be used to temporarily suppress the notice","file":"D:\\C Drive\\Xamp\\htdocs\\wordpress-portfolio-001\\wp-content\\plugins\\all-in-one-wp-migration-master\\lib\\vendor\\servmask\\filter\\class-ai1wm-recursive-newline-filter.php","line":28}

Jun 03 2025 09:51:40
{"type":8192,"message":"Return type of Ai1wm_Recursive_Newline_Filter::accept() should either be compatible with FilterIterator::accept(): bool, or the #[\\ReturnTypeWillChange] attribute should be used to temporarily suppress the notice","file":"D:\\C Drive\\Xamp\\htdocs\\wordpress-portfolio-001\\wp-content\\plugins\\all-in-one-wp-migration-master\\lib\\vendor\\servmask\\filter\\class-ai1wm-recursive-newline-filter.php","line":28}

Jun 03 2025 09:51:41
{"type":8192,"message":"Return type of Ai1wm_Recursive_Newline_Filter::accept() should either be compatible with FilterIterator::accept(): bool, or the #[\\ReturnTypeWillChange] attribute should be used to temporarily suppress the notice","file":"D:\\C Drive\\Xamp\\htdocs\\wordpress-portfolio-001\\wp-content\\plugins\\all-in-one-wp-migration-master\\lib\\vendor\\servmask\\filter\\class-ai1wm-recursive-newline-filter.php","line":28}

Jun 03 2025 09:51:41
{"type":8192,"message":"Return type of Ai1wm_Recursive_Newline_Filter::accept() should either be compatible with FilterIterator::accept(): bool, or the #[\\ReturnTypeWillChange] attribute should be used to temporarily suppress the notice","file":"D:\\C Drive\\Xamp\\htdocs\\wordpress-portfolio-001\\wp-content\\plugins\\all-in-one-wp-migration-master\\lib\\vendor\\servmask\\filter\\class-ai1wm-recursive-newline-filter.php","line":28}

Jun 03 2025 09:51:42
{"type":8192,"message":"Return type of Ai1wm_Recursive_Newline_Filter::accept() should either be compatible with FilterIterator::accept(): bool, or the #[\\ReturnTypeWillChange] attribute should be used to temporarily suppress the notice","file":"D:\\C Drive\\Xamp\\htdocs\\wordpress-portfolio-001\\wp-content\\plugins\\all-in-one-wp-migration-master\\lib\\vendor\\servmask\\filter\\class-ai1wm-recursive-newline-filter.php","line":28}

Jun 03 2025 09:51:43
{"type":8192,"message":"Return type of Ai1wm_Recursive_Newline_Filter::accept() should either be compatible with FilterIterator::accept(): bool, or the #[\\ReturnTypeWillChange] attribute should be used to temporarily suppress the notice","file":"D:\\C Drive\\Xamp\\htdocs\\wordpress-portfolio-001\\wp-content\\plugins\\all-in-one-wp-migration-master\\lib\\vendor\\servmask\\filter\\class-ai1wm-recursive-newline-filter.php","line":28}

Jun 03 2025 09:51:45
{"type":8192,"message":"Return type of Ai1wm_Recursive_Newline_Filter::accept() should either be compatible with FilterIterator::accept(): bool, or the #[\\ReturnTypeWillChange] attribute should be used to temporarily suppress the notice","file":"D:\\C Drive\\Xamp\\htdocs\\wordpress-portfolio-001\\wp-content\\plugins\\all-in-one-wp-migration-master\\lib\\vendor\\servmask\\filter\\class-ai1wm-recursive-newline-filter.php","line":28}

Jun 03 2025 09:51:47
{"type":8192,"message":"Return type of Ai1wm_Recursive_Newline_Filter::accept() should either be compatible with FilterIterator::accept(): bool, or the #[\\ReturnTypeWillChange] attribute should be used to temporarily suppress the notice","file":"D:\\C Drive\\Xamp\\htdocs\\wordpress-portfolio-001\\wp-content\\plugins\\all-in-one-wp-migration-master\\lib\\vendor\\servmask\\filter\\class-ai1wm-recursive-newline-filter.php","line":28}

Jun 03 2025 09:51:49
{"type":8192,"message":"Return type of Ai1wm_Recursive_Newline_Filter::accept() should either be compatible with FilterIterator::accept(): bool, or the #[\\ReturnTypeWillChange] attribute should be used to temporarily suppress the notice","file":"D:\\C Drive\\Xamp\\htdocs\\wordpress-portfolio-001\\wp-content\\plugins\\all-in-one-wp-migration-master\\lib\\vendor\\servmask\\filter\\class-ai1wm-recursive-newline-filter.php","line":28}

Jun 03 2025 09:51:50
{"type":8192,"message":"Return type of Ai1wm_Recursive_Newline_Filter::accept() should either be compatible with FilterIterator::accept(): bool, or the #[\\ReturnTypeWillChange] attribute should be used to temporarily suppress the notice","file":"D:\\C Drive\\Xamp\\htdocs\\wordpress-portfolio-001\\wp-content\\plugins\\all-in-one-wp-migration-master\\lib\\vendor\\servmask\\filter\\class-ai1wm-recursive-newline-filter.php","line":28}

Jun 03 2025 09:51:50
{"type":8192,"message":"Return type of Ai1wm_Recursive_Newline_Filter::accept() should either be compatible with FilterIterator::accept(): bool, or the #[\\ReturnTypeWillChange] attribute should be used to temporarily suppress the notice","file":"D:\\C Drive\\Xamp\\htdocs\\wordpress-portfolio-001\\wp-content\\plugins\\all-in-one-wp-migration-master\\lib\\vendor\\servmask\\filter\\class-ai1wm-recursive-newline-filter.php","line":28}

Jun 03 2025 09:51:51
{"type":8192,"message":"Return type of Ai1wm_Recursive_Newline_Filter::accept() should either be compatible with FilterIterator::accept(): bool, or the #[\\ReturnTypeWillChange] attribute should be used to temporarily suppress the notice","file":"D:\\C Drive\\Xamp\\htdocs\\wordpress-portfolio-001\\wp-content\\plugins\\all-in-one-wp-migration-master\\lib\\vendor\\servmask\\filter\\class-ai1wm-recursive-newline-filter.php","line":28}

Jun 03 2025 09:51:52
{"type":8192,"message":"Return type of Ai1wm_Recursive_Newline_Filter::accept() should either be compatible with FilterIterator::accept(): bool, or the #[\\ReturnTypeWillChange] attribute should be used to temporarily suppress the notice","file":"D:\\C Drive\\Xamp\\htdocs\\wordpress-portfolio-001\\wp-content\\plugins\\all-in-one-wp-migration-master\\lib\\vendor\\servmask\\filter\\class-ai1wm-recursive-newline-filter.php","line":28}

Jun 03 2025 09:51:52
{"type":8192,"message":"Return type of Ai1wm_Recursive_Newline_Filter::accept() should either be compatible with FilterIterator::accept(): bool, or the #[\\ReturnTypeWillChange] attribute should be used to temporarily suppress the notice","file":"D:\\C Drive\\Xamp\\htdocs\\wordpress-portfolio-001\\wp-content\\plugins\\all-in-one-wp-migration-master\\lib\\vendor\\servmask\\filter\\class-ai1wm-recursive-newline-filter.php","line":28}

Jun 03 2025 09:51:53
{"type":8192,"message":"Return type of Ai1wm_Recursive_Newline_Filter::accept() should either be compatible with FilterIterator::accept(): bool, or the #[\\ReturnTypeWillChange] attribute should be used to temporarily suppress the notice","file":"D:\\C Drive\\Xamp\\htdocs\\wordpress-portfolio-001\\wp-content\\plugins\\all-in-one-wp-migration-master\\lib\\vendor\\servmask\\filter\\class-ai1wm-recursive-newline-filter.php","line":28}

Jun 03 2025 09:51:53
{"type":8192,"message":"Return type of Ai1wm_Recursive_Newline_Filter::accept() should either be compatible with FilterIterator::accept(): bool, or the #[\\ReturnTypeWillChange] attribute should be used to temporarily suppress the notice","file":"D:\\C Drive\\Xamp\\htdocs\\wordpress-portfolio-001\\wp-content\\plugins\\all-in-one-wp-migration-master\\lib\\vendor\\servmask\\filter\\class-ai1wm-recursive-newline-filter.php","line":28}

Jun 03 2025 09:51:54
{"type":8192,"message":"Return type of Ai1wm_Recursive_Newline_Filter::accept() should either be compatible with FilterIterator::accept(): bool, or the #[\\ReturnTypeWillChange] attribute should be used to temporarily suppress the notice","file":"D:\\C Drive\\Xamp\\htdocs\\wordpress-portfolio-001\\wp-content\\plugins\\all-in-one-wp-migration-master\\lib\\vendor\\servmask\\filter\\class-ai1wm-recursive-newline-filter.php","line":28}

Jun 03 2025 09:51:54
{"type":8192,"message":"Return type of Ai1wm_Recursive_Newline_Filter::accept() should either be compatible with FilterIterator::accept(): bool, or the #[\\ReturnTypeWillChange] attribute should be used to temporarily suppress the notice","file":"D:\\C Drive\\Xamp\\htdocs\\wordpress-portfolio-001\\wp-content\\plugins\\all-in-one-wp-migration-master\\lib\\vendor\\servmask\\filter\\class-ai1wm-recursive-newline-filter.php","line":28}

Jun 03 2025 09:51:55
{"type":8192,"message":"Return type of Ai1wm_Recursive_Newline_Filter::accept() should either be compatible with FilterIterator::accept(): bool, or the #[\\ReturnTypeWillChange] attribute should be used to temporarily suppress the notice","file":"D:\\C Drive\\Xamp\\htdocs\\wordpress-portfolio-001\\wp-content\\plugins\\all-in-one-wp-migration-master\\lib\\vendor\\servmask\\filter\\class-ai1wm-recursive-newline-filter.php","line":28}

Jun 03 2025 09:51:56
{"type":8192,"message":"Return type of Ai1wm_Recursive_Newline_Filter::accept() should either be compatible with FilterIterator::accept(): bool, or the #[\\ReturnTypeWillChange] attribute should be used to temporarily suppress the notice","file":"D:\\C Drive\\Xamp\\htdocs\\wordpress-portfolio-001\\wp-content\\plugins\\all-in-one-wp-migration-master\\lib\\vendor\\servmask\\filter\\class-ai1wm-recursive-newline-filter.php","line":28}

Jun 03 2025 09:51:57
{"type":8192,"message":"Return type of Ai1wm_Recursive_Newline_Filter::accept() should either be compatible with FilterIterator::accept(): bool, or the #[\\ReturnTypeWillChange] attribute should be used to temporarily suppress the notice","file":"D:\\C Drive\\Xamp\\htdocs\\wordpress-portfolio-001\\wp-content\\plugins\\all-in-one-wp-migration-master\\lib\\vendor\\servmask\\filter\\class-ai1wm-recursive-newline-filter.php","line":28}

Jun 03 2025 09:52:09
{"type":8192,"message":"Return type of Ai1wm_Recursive_Newline_Filter::accept() should either be compatible with FilterIterator::accept(): bool, or the #[\\ReturnTypeWillChange] attribute should be used to temporarily suppress the notice","file":"D:\\C Drive\\Xamp\\htdocs\\wordpress-portfolio-001\\wp-content\\plugins\\all-in-one-wp-migration-master\\lib\\vendor\\servmask\\filter\\class-ai1wm-recursive-newline-filter.php","line":28}

Jun 03 2025 09:52:09
{"type":8192,"message":"Return type of Ai1wm_Recursive_Newline_Filter::accept() should either be compatible with FilterIterator::accept(): bool, or the #[\\ReturnTypeWillChange] attribute should be used to temporarily suppress the notice","file":"D:\\C Drive\\Xamp\\htdocs\\wordpress-portfolio-001\\wp-content\\plugins\\all-in-one-wp-migration-master\\lib\\vendor\\servmask\\filter\\class-ai1wm-recursive-newline-filter.php","line":28}

Jun 03 2025 09:52:20
{"type":8192,"message":"Return type of Ai1wm_Recursive_Newline_Filter::accept() should either be compatible with FilterIterator::accept(): bool, or the #[\\ReturnTypeWillChange] attribute should be used to temporarily suppress the notice","file":"D:\\C Drive\\Xamp\\htdocs\\wordpress-portfolio-001\\wp-content\\plugins\\all-in-one-wp-migration-master\\lib\\vendor\\servmask\\filter\\class-ai1wm-recursive-newline-filter.php","line":28}

Jun 03 2025 09:52:31
{"type":8192,"message":"Return type of Ai1wm_Recursive_Newline_Filter::accept() should either be compatible with FilterIterator::accept(): bool, or the #[\\ReturnTypeWillChange] attribute should be used to temporarily suppress the notice","file":"D:\\C Drive\\Xamp\\htdocs\\wordpress-portfolio-001\\wp-content\\plugins\\all-in-one-wp-migration-master\\lib\\vendor\\servmask\\filter\\class-ai1wm-recursive-newline-filter.php","line":28}

Jun 03 2025 09:52:42
{"type":8192,"message":"Return type of Ai1wm_Recursive_Newline_Filter::accept() should either be compatible with FilterIterator::accept(): bool, or the #[\\ReturnTypeWillChange] attribute should be used to temporarily suppress the notice","file":"D:\\C Drive\\Xamp\\htdocs\\wordpress-portfolio-001\\wp-content\\plugins\\all-in-one-wp-migration-master\\lib\\vendor\\servmask\\filter\\class-ai1wm-recursive-newline-filter.php","line":28}

Jun 03 2025 09:52:53
{"type":8192,"message":"Return type of Ai1wm_Recursive_Newline_Filter::accept() should either be compatible with FilterIterator::accept(): bool, or the #[\\ReturnTypeWillChange] attribute should be used to temporarily suppress the notice","file":"D:\\C Drive\\Xamp\\htdocs\\wordpress-portfolio-001\\wp-content\\plugins\\all-in-one-wp-migration-master\\lib\\vendor\\servmask\\filter\\class-ai1wm-recursive-newline-filter.php","line":28}

Jun 03 2025 09:52:54
{"type":8192,"message":"Return type of Ai1wm_Recursive_Newline_Filter::accept() should either be compatible with FilterIterator::accept(): bool, or the #[\\ReturnTypeWillChange] attribute should be used to temporarily suppress the notice","file":"D:\\C Drive\\Xamp\\htdocs\\wordpress-portfolio-001\\wp-content\\plugins\\all-in-one-wp-migration-master\\lib\\vendor\\servmask\\filter\\class-ai1wm-recursive-newline-filter.php","line":28}

Jun 03 2025 09:52:56
{"type":8192,"message":"Return type of Ai1wm_Recursive_Newline_Filter::accept() should either be compatible with FilterIterator::accept(): bool, or the #[\\ReturnTypeWillChange] attribute should be used to temporarily suppress the notice","file":"D:\\C Drive\\Xamp\\htdocs\\wordpress-portfolio-001\\wp-content\\plugins\\all-in-one-wp-migration-master\\lib\\vendor\\servmask\\filter\\class-ai1wm-recursive-newline-filter.php","line":28}

Jun 03 2025 09:52:57
{"Number":8192,"Message":"rtrim(): Passing null to parameter #1 ($string) of type string is deprecated","File":"D:\\C Drive\\Xamp\\htdocs\\wordpress-portfolio-001\\wp-includes\\formatting.php","Line":2819}

Jun 03 2025 09:52:57
{"Number":8192,"Message":"rtrim(): Passing null to parameter #1 ($string) of type string is deprecated","File":"D:\\C Drive\\Xamp\\htdocs\\wordpress-portfolio-001\\wp-includes\\formatting.php","Line":2819}

Jun 03 2025 09:52:57
{"Number":8192,"Message":"rtrim(): Passing null to parameter #1 ($string) of type string is deprecated","File":"D:\\C Drive\\Xamp\\htdocs\\wordpress-portfolio-001\\wp-includes\\formatting.php","Line":2819}

Jun 03 2025 09:52:57
{"Number":8192,"Message":"rtrim(): Passing null to parameter #1 ($string) of type string is deprecated","File":"D:\\C Drive\\Xamp\\htdocs\\wordpress-portfolio-001\\wp-includes\\formatting.php","Line":2819}

Jun 03 2025 09:52:57
{"Number":8192,"Message":"rtrim(): Passing null to parameter #1 ($string) of type string is deprecated","File":"D:\\C Drive\\Xamp\\htdocs\\wordpress-portfolio-001\\wp-includes\\formatting.php","Line":2819}

Jun 03 2025 09:52:57
{"Number":8192,"Message":"rtrim(): Passing null to parameter #1 ($string) of type string is deprecated","File":"D:\\C Drive\\Xamp\\htdocs\\wordpress-portfolio-001\\wp-includes\\formatting.php","Line":2819}

Jun 03 2025 09:52:57
{"Number":8192,"Message":"rtrim(): Passing null to parameter #1 ($string) of type string is deprecated","File":"D:\\C Drive\\Xamp\\htdocs\\wordpress-portfolio-001\\wp-includes\\formatting.php","Line":2819}

Jun 03 2025 09:52:57
{"Number":8192,"Message":"rtrim(): Passing null to parameter #1 ($string) of type string is deprecated","File":"D:\\C Drive\\Xamp\\htdocs\\wordpress-portfolio-001\\wp-includes\\formatting.php","Line":2819}

Jun 03 2025 09:52:57
{"Number":8192,"Message":"rtrim(): Passing null to parameter #1 ($string) of type string is deprecated","File":"D:\\C Drive\\Xamp\\htdocs\\wordpress-portfolio-001\\wp-includes\\formatting.php","Line":2819}

Jun 03 2025 09:52:57
{"Number":8192,"Message":"rtrim(): Passing null to parameter #1 ($string) of type string is deprecated","File":"D:\\C Drive\\Xamp\\htdocs\\wordpress-portfolio-001\\wp-includes\\formatting.php","Line":2819}

Jun 03 2025 09:52:57
{"Number":8192,"Message":"rtrim(): Passing null to parameter #1 ($string) of type string is deprecated","File":"D:\\C Drive\\Xamp\\htdocs\\wordpress-portfolio-001\\wp-includes\\formatting.php","Line":2819}

Jun 03 2025 09:52:57
{"Number":8192,"Message":"rtrim(): Passing null to parameter #1 ($string) of type string is deprecated","File":"D:\\C Drive\\Xamp\\htdocs\\wordpress-portfolio-001\\wp-includes\\formatting.php","Line":2819}

Jun 03 2025 09:52:57
{"Number":8192,"Message":"rtrim(): Passing null to parameter #1 ($string) of type string is deprecated","File":"D:\\C Drive\\Xamp\\htdocs\\wordpress-portfolio-001\\wp-includes\\formatting.php","Line":2819}

Jun 03 2025 09:52:57
{"Number":8192,"Message":"rtrim(): Passing null to parameter #1 ($string) of type string is deprecated","File":"D:\\C Drive\\Xamp\\htdocs\\wordpress-portfolio-001\\wp-includes\\formatting.php","Line":2819}

Jun 03 2025 09:52:57
{"Number":8192,"Message":"rtrim(): Passing null to parameter #1 ($string) of type string is deprecated","File":"D:\\C Drive\\Xamp\\htdocs\\wordpress-portfolio-001\\wp-includes\\formatting.php","Line":2819}

Jun 03 2025 09:52:57
{"Number":8192,"Message":"rtrim(): Passing null to parameter #1 ($string) of type string is deprecated","File":"D:\\C Drive\\Xamp\\htdocs\\wordpress-portfolio-001\\wp-includes\\formatting.php","Line":2819}

Jun 03 2025 09:52:57
{"Number":8192,"Message":"rtrim(): Passing null to parameter #1 ($string) of type string is deprecated","File":"D:\\C Drive\\Xamp\\htdocs\\wordpress-portfolio-001\\wp-includes\\formatting.php","Line":2819}

Jun 03 2025 09:52:57
{"Number":8192,"Message":"rtrim(): Passing null to parameter #1 ($string) of type string is deprecated","File":"D:\\C Drive\\Xamp\\htdocs\\wordpress-portfolio-001\\wp-includes\\formatting.php","Line":2819}

Jun 03 2025 09:52:57
{"Number":8192,"Message":"Creation of dynamic property Ai1wm_Database_Mysqli::$old_replace_raw_values is deprecated","File":"D:\\C Drive\\Xamp\\htdocs\\wordpress-portfolio-001\\wp-content\\plugins\\all-in-one-wp-migration-master\\lib\\vendor\\servmask\\database\\class-ai1wm-database.php","Line":300}

Jun 03 2025 09:52:57
{"Number":8192,"Message":"Creation of dynamic property Ai1wm_Database_Mysqli::$new_replace_raw_values is deprecated","File":"D:\\C Drive\\Xamp\\htdocs\\wordpress-portfolio-001\\wp-content\\plugins\\all-in-one-wp-migration-master\\lib\\vendor\\servmask\\database\\class-ai1wm-database.php","Line":321}

Jun 03 2025 09:54:04
{"type":8192,"message":"Return type of Ai1wm_Recursive_Newline_Filter::accept() should either be compatible with FilterIterator::accept(): bool, or the #[\\ReturnTypeWillChange] attribute should be used to temporarily suppress the notice","file":"D:\\C Drive\\Xamp\\htdocs\\wordpress-portfolio-001\\wp-content\\plugins\\all-in-one-wp-migration-master\\lib\\vendor\\servmask\\filter\\class-ai1wm-recursive-newline-filter.php","line":28}

Jun 03 2025 09:54:08
{"Number":8192,"Message":"rtrim(): Passing null to parameter #1 ($string) of type string is deprecated","File":"D:\\C Drive\\Xamp\\htdocs\\wordpress-portfolio-001\\wp-includes\\formatting.php","Line":2819}

Jun 03 2025 09:54:08
{"Number":8192,"Message":"rtrim(): Passing null to parameter #1 ($string) of type string is deprecated","File":"D:\\C Drive\\Xamp\\htdocs\\wordpress-portfolio-001\\wp-includes\\formatting.php","Line":2819}

Jun 03 2025 09:54:08
{"Number":8192,"Message":"rtrim(): Passing null to parameter #1 ($string) of type string is deprecated","File":"D:\\C Drive\\Xamp\\htdocs\\wordpress-portfolio-001\\wp-includes\\formatting.php","Line":2819}

Jun 03 2025 09:54:08
{"Number":8192,"Message":"rtrim(): Passing null to parameter #1 ($string) of type string is deprecated","File":"D:\\C Drive\\Xamp\\htdocs\\wordpress-portfolio-001\\wp-includes\\formatting.php","Line":2819}

Jun 03 2025 09:54:08
{"Number":8192,"Message":"rtrim(): Passing null to parameter #1 ($string) of type string is deprecated","File":"D:\\C Drive\\Xamp\\htdocs\\wordpress-portfolio-001\\wp-includes\\formatting.php","Line":2819}

Jun 03 2025 09:54:08
{"Number":8192,"Message":"rtrim(): Passing null to parameter #1 ($string) of type string is deprecated","File":"D:\\C Drive\\Xamp\\htdocs\\wordpress-portfolio-001\\wp-includes\\formatting.php","Line":2819}

Jun 03 2025 09:54:08
{"Number":8192,"Message":"rtrim(): Passing null to parameter #1 ($string) of type string is deprecated","File":"D:\\C Drive\\Xamp\\htdocs\\wordpress-portfolio-001\\wp-includes\\formatting.php","Line":2819}

Jun 03 2025 09:54:08
{"Number":8192,"Message":"rtrim(): Passing null to parameter #1 ($string) of type string is deprecated","File":"D:\\C Drive\\Xamp\\htdocs\\wordpress-portfolio-001\\wp-includes\\formatting.php","Line":2819}

Jun 03 2025 09:54:08
{"Number":8192,"Message":"rtrim(): Passing null to parameter #1 ($string) of type string is deprecated","File":"D:\\C Drive\\Xamp\\htdocs\\wordpress-portfolio-001\\wp-includes\\formatting.php","Line":2819}

Jun 03 2025 09:54:08
{"Number":8192,"Message":"rtrim(): Passing null to parameter #1 ($string) of type string is deprecated","File":"D:\\C Drive\\Xamp\\htdocs\\wordpress-portfolio-001\\wp-includes\\formatting.php","Line":2819}

Jun 03 2025 09:54:08
{"Number":8192,"Message":"rtrim(): Passing null to parameter #1 ($string) of type string is deprecated","File":"D:\\C Drive\\Xamp\\htdocs\\wordpress-portfolio-001\\wp-includes\\formatting.php","Line":2819}

Jun 03 2025 09:54:08
{"Number":8192,"Message":"rtrim(): Passing null to parameter #1 ($string) of type string is deprecated","File":"D:\\C Drive\\Xamp\\htdocs\\wordpress-portfolio-001\\wp-includes\\formatting.php","Line":2819}

Jun 03 2025 09:54:08
{"Number":8192,"Message":"rtrim(): Passing null to parameter #1 ($string) of type string is deprecated","File":"D:\\C Drive\\Xamp\\htdocs\\wordpress-portfolio-001\\wp-includes\\formatting.php","Line":2819}

Jun 03 2025 09:54:08
{"Number":8192,"Message":"rtrim(): Passing null to parameter #1 ($string) of type string is deprecated","File":"D:\\C Drive\\Xamp\\htdocs\\wordpress-portfolio-001\\wp-includes\\formatting.php","Line":2819}

Jun 03 2025 09:54:08
{"Number":8192,"Message":"rtrim(): Passing null to parameter #1 ($string) of type string is deprecated","File":"D:\\C Drive\\Xamp\\htdocs\\wordpress-portfolio-001\\wp-includes\\formatting.php","Line":2819}

Jun 03 2025 09:54:08
{"Number":8192,"Message":"rtrim(): Passing null to parameter #1 ($string) of type string is deprecated","File":"D:\\C Drive\\Xamp\\htdocs\\wordpress-portfolio-001\\wp-includes\\formatting.php","Line":2819}

Jun 03 2025 09:54:08
{"Number":8192,"Message":"rtrim(): Passing null to parameter #1 ($string) of type string is deprecated","File":"D:\\C Drive\\Xamp\\htdocs\\wordpress-portfolio-001\\wp-includes\\formatting.php","Line":2819}

Jun 03 2025 09:54:08
{"Number":8192,"Message":"rtrim(): Passing null to parameter #1 ($string) of type string is deprecated","File":"D:\\C Drive\\Xamp\\htdocs\\wordpress-portfolio-001\\wp-includes\\formatting.php","Line":2819}

Jun 03 2025 09:54:08
{"Number":8192,"Message":"Creation of dynamic property Ai1wm_Database_Mysqli::$old_replace_raw_values is deprecated","File":"D:\\C Drive\\Xamp\\htdocs\\wordpress-portfolio-001\\wp-content\\plugins\\all-in-one-wp-migration-master\\lib\\vendor\\servmask\\database\\class-ai1wm-database.php","Line":300}

Jun 03 2025 09:54:08
{"Number":8192,"Message":"Creation of dynamic property Ai1wm_Database_Mysqli::$new_replace_raw_values is deprecated","File":"D:\\C Drive\\Xamp\\htdocs\\wordpress-portfolio-001\\wp-content\\plugins\\all-in-one-wp-migration-master\\lib\\vendor\\servmask\\database\\class-ai1wm-database.php","Line":321}

Jun 03 2025 09:54:22
{"type":8192,"message":"Return type of Ai1wm_Recursive_Newline_Filter::accept() should either be compatible with FilterIterator::accept(): bool, or the #[\\ReturnTypeWillChange] attribute should be used to temporarily suppress the notice","file":"D:\\C Drive\\Xamp\\htdocs\\wordpress-portfolio-001\\wp-content\\plugins\\all-in-one-wp-migration-master\\lib\\vendor\\servmask\\filter\\class-ai1wm-recursive-newline-filter.php","line":28}

Jun 03 2025 09:54:22
{"Number":8192,"Message":"rtrim(): Passing null to parameter #1 ($string) of type string is deprecated","File":"D:\\C Drive\\Xamp\\htdocs\\wordpress-portfolio-001\\wp-includes\\formatting.php","Line":2819}

Jun 03 2025 09:54:22
{"Number":8192,"Message":"rtrim(): Passing null to parameter #1 ($string) of type string is deprecated","File":"D:\\C Drive\\Xamp\\htdocs\\wordpress-portfolio-001\\wp-includes\\formatting.php","Line":2819}

Jun 03 2025 09:54:22
{"Number":8192,"Message":"rtrim(): Passing null to parameter #1 ($string) of type string is deprecated","File":"D:\\C Drive\\Xamp\\htdocs\\wordpress-portfolio-001\\wp-includes\\formatting.php","Line":2819}

Jun 03 2025 09:54:22
{"Number":8192,"Message":"rtrim(): Passing null to parameter #1 ($string) of type string is deprecated","File":"D:\\C Drive\\Xamp\\htdocs\\wordpress-portfolio-001\\wp-includes\\formatting.php","Line":2819}

Jun 03 2025 09:54:22
{"Number":8192,"Message":"rtrim(): Passing null to parameter #1 ($string) of type string is deprecated","File":"D:\\C Drive\\Xamp\\htdocs\\wordpress-portfolio-001\\wp-includes\\formatting.php","Line":2819}

Jun 03 2025 09:54:22
{"Number":8192,"Message":"rtrim(): Passing null to parameter #1 ($string) of type string is deprecated","File":"D:\\C Drive\\Xamp\\htdocs\\wordpress-portfolio-001\\wp-includes\\formatting.php","Line":2819}

Jun 03 2025 09:54:22
{"Number":8192,"Message":"rtrim(): Passing null to parameter #1 ($string) of type string is deprecated","File":"D:\\C Drive\\Xamp\\htdocs\\wordpress-portfolio-001\\wp-includes\\formatting.php","Line":2819}

Jun 03 2025 09:54:22
{"Number":8192,"Message":"rtrim(): Passing null to parameter #1 ($string) of type string is deprecated","File":"D:\\C Drive\\Xamp\\htdocs\\wordpress-portfolio-001\\wp-includes\\formatting.php","Line":2819}

Jun 03 2025 09:54:22
{"Number":8192,"Message":"rtrim(): Passing null to parameter #1 ($string) of type string is deprecated","File":"D:\\C Drive\\Xamp\\htdocs\\wordpress-portfolio-001\\wp-includes\\formatting.php","Line":2819}

Jun 03 2025 09:54:22
{"Number":8192,"Message":"rtrim(): Passing null to parameter #1 ($string) of type string is deprecated","File":"D:\\C Drive\\Xamp\\htdocs\\wordpress-portfolio-001\\wp-includes\\formatting.php","Line":2819}

Jun 03 2025 09:54:22
{"Number":8192,"Message":"rtrim(): Passing null to parameter #1 ($string) of type string is deprecated","File":"D:\\C Drive\\Xamp\\htdocs\\wordpress-portfolio-001\\wp-includes\\formatting.php","Line":2819}

Jun 03 2025 09:54:22
{"Number":8192,"Message":"rtrim(): Passing null to parameter #1 ($string) of type string is deprecated","File":"D:\\C Drive\\Xamp\\htdocs\\wordpress-portfolio-001\\wp-includes\\formatting.php","Line":2819}

Jun 03 2025 09:54:22
{"Number":8192,"Message":"rtrim(): Passing null to parameter #1 ($string) of type string is deprecated","File":"D:\\C Drive\\Xamp\\htdocs\\wordpress-portfolio-001\\wp-includes\\formatting.php","Line":2819}

Jun 03 2025 09:54:22
{"Number":8192,"Message":"rtrim(): Passing null to parameter #1 ($string) of type string is deprecated","File":"D:\\C Drive\\Xamp\\htdocs\\wordpress-portfolio-001\\wp-includes\\formatting.php","Line":2819}

Jun 03 2025 09:54:22
{"Number":8192,"Message":"rtrim(): Passing null to parameter #1 ($string) of type string is deprecated","File":"D:\\C Drive\\Xamp\\htdocs\\wordpress-portfolio-001\\wp-includes\\formatting.php","Line":2819}

Jun 03 2025 09:54:22
{"Number":8192,"Message":"rtrim(): Passing null to parameter #1 ($string) of type string is deprecated","File":"D:\\C Drive\\Xamp\\htdocs\\wordpress-portfolio-001\\wp-includes\\formatting.php","Line":2819}

Jun 03 2025 09:54:22
{"Number":8192,"Message":"rtrim(): Passing null to parameter #1 ($string) of type string is deprecated","File":"D:\\C Drive\\Xamp\\htdocs\\wordpress-portfolio-001\\wp-includes\\formatting.php","Line":2819}

Jun 03 2025 09:54:22
{"Number":8192,"Message":"rtrim(): Passing null to parameter #1 ($string) of type string is deprecated","File":"D:\\C Drive\\Xamp\\htdocs\\wordpress-portfolio-001\\wp-includes\\formatting.php","Line":2819}

Jun 03 2025 09:54:22
{"Number":8192,"Message":"Creation of dynamic property Ai1wm_Database_Mysqli::$old_replace_raw_values is deprecated","File":"D:\\C Drive\\Xamp\\htdocs\\wordpress-portfolio-001\\wp-content\\plugins\\all-in-one-wp-migration-master\\lib\\vendor\\servmask\\database\\class-ai1wm-database.php","Line":300}

Jun 03 2025 09:54:22
{"Number":8192,"Message":"Creation of dynamic property Ai1wm_Database_Mysqli::$new_replace_raw_values is deprecated","File":"D:\\C Drive\\Xamp\\htdocs\\wordpress-portfolio-001\\wp-content\\plugins\\all-in-one-wp-migration-master\\lib\\vendor\\servmask\\database\\class-ai1wm-database.php","Line":321}

Jun 03 2025 09:54:26
{"type":8192,"message":"Return type of Ai1wm_Recursive_Newline_Filter::accept() should either be compatible with FilterIterator::accept(): bool, or the #[\\ReturnTypeWillChange] attribute should be used to temporarily suppress the notice","file":"D:\\C Drive\\Xamp\\htdocs\\wordpress-portfolio-001\\wp-content\\plugins\\all-in-one-wp-migration-master\\lib\\vendor\\servmask\\filter\\class-ai1wm-recursive-newline-filter.php","line":28}

Jun 03 2025 09:54:26
{"type":8192,"message":"Return type of Ai1wm_Recursive_Newline_Filter::accept() should either be compatible with FilterIterator::accept(): bool, or the #[\\ReturnTypeWillChange] attribute should be used to temporarily suppress the notice","file":"D:\\C Drive\\Xamp\\htdocs\\wordpress-portfolio-001\\wp-content\\plugins\\all-in-one-wp-migration-master\\lib\\vendor\\servmask\\filter\\class-ai1wm-recursive-newline-filter.php","line":28}

Jun 03 2025 09:54:31
{"type":8192,"message":"version_compare(): Passing null to parameter #1 ($version1) of type string is deprecated","file":"D:\\C Drive\\Xamp\\htdocs\\wordpress-portfolio-001\\wp-content\\plugins\\boston-common\\redux-framework-master\\ReduxCore\\inc\\class.redux_functions.php","line":203}

